<?xml version="1.0" encoding="UTF-8"?>
<testng-results skipped="0" failed="0" total="2" passed="2">
  <reporter-output>
  </reporter-output>
  <suite name="EnSales_Automation" duration-ms="202207" started-at="2018-09-22T17:43:03Z" finished-at="2018-09-22T17:46:25Z">
    <groups>
    </groups>
    <test name="Test" duration-ms="202207" started-at="2018-09-22T17:43:03Z" finished-at="2018-09-22T17:46:25Z">
      <class name="testClasses.LoginPageTest">
        <test-method status="PASS" signature="openBrowser(java.lang.String)[pri:0, instance:testClasses.LoginPageTest@3bfdc050]" name="openBrowser" is-config="true" duration-ms="16765" started-at="2018-09-22T23:13:03Z" finished-at="2018-09-22T23:13:20Z">
          <params>
            <param index="0">
              <value>
                <![CDATA[chrome]]>
              </value>
            </param>
          </params>
          <reporter-output>
          </reporter-output>
        </test-method> <!-- openBrowser -->
        <test-method status="PASS" signature="loginWithValidInfo(java.lang.String, java.lang.String)[pri:0, instance:testClasses.LoginPageTest@3bfdc050]" name="loginWithValidInfo" duration-ms="79119" started-at="2018-09-22T23:13:20Z" data-provider="Valid Login Detials" finished-at="2018-09-22T23:14:39Z">
          <params>
            <param index="0">
              <value>
                <![CDATA[pradip.sudke@silicus.com]]>
              </value>
            </param>
            <param index="1">
              <value>
                <![CDATA[Pa55w0rd]]>
              </value>
            </param>
          </params>
          <reporter-output>
          </reporter-output>
        </test-method> <!-- loginWithValidInfo -->
        <test-method status="PASS" signature="openEnsalesModule()[pri:0, instance:testClasses.LoginPageTest@3bfdc050]" name="openEnsalesModule" duration-ms="106302" started-at="2018-09-22T23:14:39Z" finished-at="2018-09-22T23:16:25Z">
          <reporter-output>
          </reporter-output>
        </test-method> <!-- openEnsalesModule -->
      </class> <!-- testClasses.LoginPageTest -->
    </test> <!-- Test -->
  </suite> <!-- EnSales_Automation -->
</testng-results>
